<?xml version="1.0" encoding="UTF-8"?>
<testng-results ignored="0" total="6" passed="6" failed="0" skipped="0">
  <reporter-output>
  </reporter-output>
  <suite started-at="2022-11-14T11:36:08 NZDT" name="Surefire suite" finished-at="2022-11-14T11:36:44 NZDT" duration-ms="36048">
    <groups>
      <group name="cucumber">
        <method signature="AbstractTestNGCucumberTests.runScenario(io.cucumber.testng.PickleWrapper,io.cucumber.testng.FeatureWrapper)[pri:0, instance:cucumberOptions.TestRunner@35047d03]" name="runScenario" class="io.cucumber.testng.AbstractTestNGCucumberTests"/>
      </group> <!-- cucumber -->
    </groups>
    <test started-at="2022-11-14T11:36:08 NZDT" name="Surefire test" finished-at="2022-11-14T11:36:44 NZDT" duration-ms="36048">
      <class name="cucumberOptions.TestRunner">
        <test-method is-config="true" signature="setUpClass(org.testng.ITestContext)[pri:0, instance:cucumberOptions.TestRunner@35047d03]" started-at="2022-11-14T11:36:08 NZDT" name="setUpClass" finished-at="2022-11-14T11:36:08 NZDT" duration-ms="510" status="PASS">
          <params>
            <param index="0">
              <value>
                <![CDATA[org.testng.TestRunner@493968a9]]>
              </value>
            </param>
          </params>
          <reporter-output>
          </reporter-output>
        </test-method> <!-- setUpClass -->
        <test-method signature="runScenario(io.cucumber.testng.PickleWrapper,io.cucumber.testng.FeatureWrapper)[pri:0, instance:cucumberOptions.TestRunner@35047d03]" started-at="2022-11-14T11:36:08 NZDT" name="runScenario" description="Runs Cucumber Scenarios" data-provider="scenarios" finished-at="2022-11-14T11:36:10 NZDT" duration-ms="1756" status="PASS">
          <params>
            <param index="0">
              <value>
                <![CDATA["number of named car makes"]]>
              </value>
            </param>
            <param index="1">
              <value>
                <![CDATA["Execute get request on trademe sandbox and verify the number of named carMakes"]]>
              </value>
            </param>
          </params>
          <reporter-output>
          </reporter-output>
        </test-method> <!-- runScenario -->
        <test-method signature="runScenario(io.cucumber.testng.PickleWrapper,io.cucumber.testng.FeatureWrapper)[pri:0, instance:cucumberOptions.TestRunner@35047d03]" started-at="2022-11-14T11:36:10 NZDT" name="runScenario" description="Runs Cucumber Scenarios" data-provider="scenarios" finished-at="2022-11-14T11:36:17 NZDT" duration-ms="6643" status="PASS">
          <params>
            <param index="0">
              <value>
                <![CDATA["get the count of listed named cars"]]>
              </value>
            </param>
            <param index="1">
              <value>
                <![CDATA["test the car makes and number of listings"]]>
              </value>
            </param>
          </params>
          <reporter-output>
          </reporter-output>
        </test-method> <!-- runScenario -->
        <test-method signature="runScenario(io.cucumber.testng.PickleWrapper,io.cucumber.testng.FeatureWrapper)[pri:0, instance:cucumberOptions.TestRunner@35047d03]" started-at="2022-11-14T11:36:17 NZDT" name="runScenario" description="Runs Cucumber Scenarios" data-provider="scenarios" finished-at="2022-11-14T11:36:23 NZDT" duration-ms="6321" status="PASS">
          <params>
            <param index="0">
              <value>
                <![CDATA["get the count of listings for specific car makes"]]>
              </value>
            </param>
            <param index="1">
              <value>
                <![CDATA["test the car makes and number of listings"]]>
              </value>
            </param>
          </params>
          <reporter-output>
          </reporter-output>
        </test-method> <!-- runScenario -->
        <test-method signature="runScenario(io.cucumber.testng.PickleWrapper,io.cucumber.testng.FeatureWrapper)[pri:0, instance:cucumberOptions.TestRunner@35047d03]" started-at="2022-11-14T11:36:23 NZDT" name="runScenario" description="Runs Cucumber Scenarios" data-provider="scenarios" finished-at="2022-11-14T11:36:30 NZDT" duration-ms="6719" status="PASS">
          <params>
            <param index="0">
              <value>
                <![CDATA["get the count of listings for specific car makes"]]>
              </value>
            </param>
            <param index="1">
              <value>
                <![CDATA["test the car makes and number of listings"]]>
              </value>
            </param>
          </params>
          <reporter-output>
          </reporter-output>
        </test-method> <!-- runScenario -->
        <test-method signature="runScenario(io.cucumber.testng.PickleWrapper,io.cucumber.testng.FeatureWrapper)[pri:0, instance:cucumberOptions.TestRunner@35047d03]" started-at="2022-11-14T11:36:30 NZDT" name="runScenario" description="Runs Cucumber Scenarios" data-provider="scenarios" finished-at="2022-11-14T11:36:36 NZDT" duration-ms="6665" status="PASS">
          <params>
            <param index="0">
              <value>
                <![CDATA["get the count of listings for specific car makes"]]>
              </value>
            </param>
            <param index="1">
              <value>
                <![CDATA["test the car makes and number of listings"]]>
              </value>
            </param>
          </params>
          <reporter-output>
          </reporter-output>
        </test-method> <!-- runScenario -->
        <test-method signature="runScenario(io.cucumber.testng.PickleWrapper,io.cucumber.testng.FeatureWrapper)[pri:0, instance:cucumberOptions.TestRunner@35047d03]" started-at="2022-11-14T11:36:36 NZDT" name="runScenario" description="Runs Cucumber Scenarios" data-provider="scenarios" finished-at="2022-11-14T11:36:44 NZDT" duration-ms="7267" status="PASS">
          <params>
            <param index="0">
              <value>
                <![CDATA["get the count of listings for specific car makes"]]>
              </value>
            </param>
            <param index="1">
              <value>
                <![CDATA["test the car makes and number of listings"]]>
              </value>
            </param>
          </params>
          <reporter-output>
          </reporter-output>
        </test-method> <!-- runScenario -->
        <test-method is-config="true" signature="tearDownClass()[pri:0, instance:cucumberOptions.TestRunner@35047d03]" started-at="2022-11-14T11:36:44 NZDT" name="tearDownClass" finished-at="2022-11-14T11:36:44 NZDT" duration-ms="127" status="PASS">
          <reporter-output>
          </reporter-output>
        </test-method> <!-- tearDownClass -->
      </class> <!-- cucumberOptions.TestRunner -->
    </test> <!-- Surefire test -->
  </suite> <!-- Surefire suite -->
</testng-results>
