<?xml version="1.0" encoding="UTF-8"?>
<testsuite xmlns:xsi="http://www.w3.org/2001/XMLSchema-instance" xsi:noNamespaceSchemaLocation="https://maven.apache.org/surefire/maven-surefire-plugin/xsd/surefire-test-report-3.0.xsd" version="3.0" name="cucumberOptions.TestRunner" time="36.51" tests="6" errors="0" skipped="0" failures="0">
  <properties>
[...]
</properties>
  <testcase name="runScenario[&quot;number of named car makes&quot;, &quot;Execute get request on trademe sandbox and verify the number of named carMakes&quot;](1)" classname="cucumberOptions.TestRunner" time="1.756">
    <system-out><![CDATA[
@API @carMakesCount
Scenario: number of named car makes                            # src/test/java/features/carMakesAPI.feature:5
  Given I have basePath "getUsedCars"                          # stepDefinitions.CarMakesAPI.i_have_base_path(java.lang.String)
  When I execute Get request                                   # stepDefinitions.CarMakesAPI.i_execute_get_request()
The response count recieved is :78
  Then I verify the count of named cars in response to be "78" # stepDefinitions.CarMakesAPI.i_verify_the_count_of_named_cars_in_response_to_be(java.lang.String)
]]></system-out>
    <system-err><![CDATA[SLF4J: Failed to load class "org.slf4j.impl.StaticLoggerBinder".
SLF4J: Defaulting to no-operation (NOP) logger implementation
SLF4J: See http://www.slf4j.org/codes.html#StaticLoggerBinder for further details.
]]></system-err>
  </testcase>
  <testcase name="runScenario[&quot;get the count of listed named cars&quot;, &quot;test the car makes and number of listings&quot;](2)" classname="cucumberOptions.TestRunner" time="6.643">
    <system-out><![CDATA[
@UI
Scenario: get the count of listed named cars   # src/test/java/features/carMakesUI.feature:4
  Given I am on TradeMe home page              # stepDefinitions.CarMakesUI.i_am_on_trade_me_home_page()
  When I click on Motors search                # stepDefinitions.CarMakesUI.i_click_on_motors_search()
  Then I evaluate count of all named cars "78" # stepDefinitions.CarMakesUI.i_evaluate_count_of_all_named_cars(java.lang.String)
]]></system-out>
    <system-err><![CDATA[Starting ChromeDriver 107.0.5304.62 (1eec40d3a5764881c92085aaee66d25075c159aa-refs/branch-heads/5304@{#942}) on port 19362
Only local connections are allowed.
Please see https://chromedriver.chromium.org/security-considerations for suggestions on keeping ChromeDriver safe.
ChromeDriver was started successfully.
]]></system-err>
  </testcase>
  <testcase name="runScenario[&quot;get the count of listings for specific car makes&quot;, &quot;test the car makes and number of listings&quot;](3)" classname="cucumberOptions.TestRunner" time="6.321">
    <system-out><![CDATA[
@UI
Scenario Outline: get the count of listings for specific car makes # src/test/java/features/carMakesUI.feature:18
  Given I am on TradeMe home page                                  # stepDefinitions.CarMakesUI.i_am_on_trade_me_home_page()
  When I click on Motors search                                    # stepDefinitions.CarMakesUI.i_click_on_motors_search()
  And search for car make "Ferrari"                                # stepDefinitions.CarMakesUI.search_for_car_make_ferrari(java.lang.String)
the number of Ferrari cars Listed is :Showing 30 results
  Then I evaluate the count of total listings for the "Ferrari"    # stepDefinitions.CarMakesUI.i_evaluate_the_count_of_total_listings_for_the_ferrari(java.lang.String)
]]></system-out>
    <system-err><![CDATA[Starting ChromeDriver 107.0.5304.62 (1eec40d3a5764881c92085aaee66d25075c159aa-refs/branch-heads/5304@{#942}) on port 33457
Only local connections are allowed.
Please see https://chromedriver.chromium.org/security-considerations for suggestions on keeping ChromeDriver safe.
ChromeDriver was started successfully.
]]></system-err>
  </testcase>
  <testcase name="runScenario[&quot;get the count of listings for specific car makes&quot;, &quot;test the car makes and number of listings&quot;](4)" classname="cucumberOptions.TestRunner" time="6.72">
    <system-out><![CDATA[
@UI
Scenario Outline: get the count of listings for specific car makes # src/test/java/features/carMakesUI.feature:19
  Given I am on TradeMe home page                                  # stepDefinitions.CarMakesUI.i_am_on_trade_me_home_page()
  When I click on Motors search                                    # stepDefinitions.CarMakesUI.i_click_on_motors_search()
  And search for car make "BMW"                                    # stepDefinitions.CarMakesUI.search_for_car_make_ferrari(java.lang.String)
the number of BMW cars Listed is :Showing 3,756 results
  Then I evaluate the count of total listings for the "BMW"        # stepDefinitions.CarMakesUI.i_evaluate_the_count_of_total_listings_for_the_ferrari(java.lang.String)
]]></system-out>
    <system-err><![CDATA[Starting ChromeDriver 107.0.5304.62 (1eec40d3a5764881c92085aaee66d25075c159aa-refs/branch-heads/5304@{#942}) on port 28937
Only local connections are allowed.
Please see https://chromedriver.chromium.org/security-considerations for suggestions on keeping ChromeDriver safe.
ChromeDriver was started successfully.
]]></system-err>
  </testcase>
  <testcase name="runScenario[&quot;get the count of listings for specific car makes&quot;, &quot;test the car makes and number of listings&quot;](5)" classname="cucumberOptions.TestRunner" time="6.666">
    <system-out><![CDATA[
@UI
Scenario Outline: get the count of listings for specific car makes # src/test/java/features/carMakesUI.feature:20
  Given I am on TradeMe home page                                  # stepDefinitions.CarMakesUI.i_am_on_trade_me_home_page()
  When I click on Motors search                                    # stepDefinitions.CarMakesUI.i_click_on_motors_search()
  And search for car make "Mazda"                                  # stepDefinitions.CarMakesUI.search_for_car_make_ferrari(java.lang.String)
the number of Mazda cars Listed is :Showing 6,578 results
  Then I evaluate the count of total listings for the "Mazda"      # stepDefinitions.CarMakesUI.i_evaluate_the_count_of_total_listings_for_the_ferrari(java.lang.String)
]]></system-out>
    <system-err><![CDATA[Starting ChromeDriver 107.0.5304.62 (1eec40d3a5764881c92085aaee66d25075c159aa-refs/branch-heads/5304@{#942}) on port 6327
Only local connections are allowed.
Please see https://chromedriver.chromium.org/security-considerations for suggestions on keeping ChromeDriver safe.
ChromeDriver was started successfully.
]]></system-err>
  </testcase>
  <testcase name="runScenario[&quot;get the count of listings for specific car makes&quot;, &quot;test the car makes and number of listings&quot;](6)" classname="cucumberOptions.TestRunner" time="7.267">
    <system-out><![CDATA[
@UI
Scenario Outline: get the count of listings for specific car makes # src/test/java/features/carMakesUI.feature:21
  Given I am on TradeMe home page                                  # stepDefinitions.CarMakesUI.i_am_on_trade_me_home_page()
  When I click on Motors search                                    # stepDefinitions.CarMakesUI.i_click_on_motors_search()
  And search for car make "Honda"                                  # stepDefinitions.CarMakesUI.search_for_car_make_ferrari(java.lang.String)
the number of Honda cars Listed is :Showing 2,855 results
  Then I evaluate the count of total listings for the "Honda"      # stepDefinitions.CarMakesUI.i_evaluate_the_count_of_total_listings_for_the_ferrari(java.lang.String)
]]></system-out>
    <system-err><![CDATA[Starting ChromeDriver 107.0.5304.62 (1eec40d3a5764881c92085aaee66d25075c159aa-refs/branch-heads/5304@{#942}) on port 27952
Only local connections are allowed.
Please see https://chromedriver.chromium.org/security-considerations for suggestions on keeping ChromeDriver safe.
ChromeDriver was started successfully.
]]></system-err>
  </testcase>
</testsuite>