<?xml version="1.0" encoding="UTF-8"?>
<testng-results ignored="0" total="6" passed="6" failed="0" skipped="0">
  <reporter-output>
  </reporter-output>
  <suite started-at="2022-11-14T09:35:42 NZDT" name="Default suite" finished-at="2022-11-14T09:36:20 NZDT" duration-ms="38459">
    <groups>
      <group name="cucumber">
        <method signature="AbstractTestNGCucumberTests.runScenario(io.cucumber.testng.PickleWrapper,io.cucumber.testng.FeatureWrapper)[pri:0, instance:cucumberOptions.TestRunner@69453e37]" name="runScenario" class="io.cucumber.testng.AbstractTestNGCucumberTests"/>
      </group> <!-- cucumber -->
    </groups>
    <test started-at="2022-11-14T09:35:42 NZDT" name="Default test" finished-at="2022-11-14T09:36:20 NZDT" duration-ms="38459">
      <class name="cucumberOptions.TestRunner">
        <test-method is-config="true" signature="setUpClass(org.testng.ITestContext)[pri:0, instance:cucumberOptions.TestRunner@69453e37]" started-at="2022-11-14T09:35:42 NZDT" name="setUpClass" finished-at="2022-11-14T09:35:42 NZDT" duration-ms="558" status="PASS">
          <params>
            <param index="0">
              <value>
                <![CDATA[org.testng.TestRunner@7bc8ffbc]]>
              </value>
            </param>
          </params>
          <reporter-output>
          </reporter-output>
        </test-method> <!-- setUpClass -->
        <test-method signature="runScenario(io.cucumber.testng.PickleWrapper,io.cucumber.testng.FeatureWrapper)[pri:0, instance:cucumberOptions.TestRunner@69453e37]" started-at="2022-11-14T09:35:42 NZDT" name="runScenario" description="Runs Cucumber Scenarios" data-provider="scenarios" finished-at="2022-11-14T09:35:45 NZDT" duration-ms="2286" status="PASS">
          <params>
            <param index="0">
              <value>
                <![CDATA["number of named car makes"]]>
              </value>
            </param>
            <param index="1">
              <value>
                <![CDATA["Execute get request on trademe sandbox and verify the number of named carMakes"]]>
              </value>
            </param>
          </params>
          <reporter-output>
          </reporter-output>
        </test-method> <!-- runScenario -->
        <test-method signature="runScenario(io.cucumber.testng.PickleWrapper,io.cucumber.testng.FeatureWrapper)[pri:0, instance:cucumberOptions.TestRunner@69453e37]" started-at="2022-11-14T09:35:45 NZDT" name="runScenario" description="Runs Cucumber Scenarios" data-provider="scenarios" finished-at="2022-11-14T09:35:52 NZDT" duration-ms="7093" status="PASS">
          <params>
            <param index="0">
              <value>
                <![CDATA["get the count of listed named cars"]]>
              </value>
            </param>
            <param index="1">
              <value>
                <![CDATA["test the car makes and number of listings"]]>
              </value>
            </param>
          </params>
          <reporter-output>
          </reporter-output>
        </test-method> <!-- runScenario -->
        <test-method signature="runScenario(io.cucumber.testng.PickleWrapper,io.cucumber.testng.FeatureWrapper)[pri:0, instance:cucumberOptions.TestRunner@69453e37]" started-at="2022-11-14T09:35:52 NZDT" name="runScenario" description="Runs Cucumber Scenarios" data-provider="scenarios" finished-at="2022-11-14T09:35:59 NZDT" duration-ms="7228" status="PASS">
          <params>
            <param index="0">
              <value>
                <![CDATA["get the count of listings for specific car makes"]]>
              </value>
            </param>
            <param index="1">
              <value>
                <![CDATA["test the car makes and number of listings"]]>
              </value>
            </param>
          </params>
          <reporter-output>
          </reporter-output>
        </test-method> <!-- runScenario -->
        <test-method signature="runScenario(io.cucumber.testng.PickleWrapper,io.cucumber.testng.FeatureWrapper)[pri:0, instance:cucumberOptions.TestRunner@69453e37]" started-at="2022-11-14T09:35:59 NZDT" name="runScenario" description="Runs Cucumber Scenarios" data-provider="scenarios" finished-at="2022-11-14T09:36:06 NZDT" duration-ms="6748" status="PASS">
          <params>
            <param index="0">
              <value>
                <![CDATA["get the count of listings for specific car makes"]]>
              </value>
            </param>
            <param index="1">
              <value>
                <![CDATA["test the car makes and number of listings"]]>
              </value>
            </param>
          </params>
          <reporter-output>
          </reporter-output>
        </test-method> <!-- runScenario -->
        <test-method signature="runScenario(io.cucumber.testng.PickleWrapper,io.cucumber.testng.FeatureWrapper)[pri:0, instance:cucumberOptions.TestRunner@69453e37]" started-at="2022-11-14T09:36:06 NZDT" name="runScenario" description="Runs Cucumber Scenarios" data-provider="scenarios" finished-at="2022-11-14T09:36:14 NZDT" duration-ms="7801" status="PASS">
          <params>
            <param index="0">
              <value>
                <![CDATA["get the count of listings for specific car makes"]]>
              </value>
            </param>
            <param index="1">
              <value>
                <![CDATA["test the car makes and number of listings"]]>
              </value>
            </param>
          </params>
          <reporter-output>
          </reporter-output>
        </test-method> <!-- runScenario -->
        <test-method signature="runScenario(io.cucumber.testng.PickleWrapper,io.cucumber.testng.FeatureWrapper)[pri:0, instance:cucumberOptions.TestRunner@69453e37]" started-at="2022-11-14T09:36:14 NZDT" name="runScenario" description="Runs Cucumber Scenarios" data-provider="scenarios" finished-at="2022-11-14T09:36:20 NZDT" duration-ms="6511" status="PASS">
          <params>
            <param index="0">
              <value>
                <![CDATA["get the count of listings for specific car makes"]]>
              </value>
            </param>
            <param index="1">
              <value>
                <![CDATA["test the car makes and number of listings"]]>
              </value>
            </param>
          </params>
          <reporter-output>
          </reporter-output>
        </test-method> <!-- runScenario -->
        <test-method is-config="true" signature="tearDownClass()[pri:0, instance:cucumberOptions.TestRunner@69453e37]" started-at="2022-11-14T09:36:20 NZDT" name="tearDownClass" finished-at="2022-11-14T09:36:20 NZDT" duration-ms="178" status="PASS">
          <reporter-output>
          </reporter-output>
        </test-method> <!-- tearDownClass -->
      </class> <!-- cucumberOptions.TestRunner -->
    </test> <!-- Default test -->
  </suite> <!-- Default suite -->
</testng-results>
