<?xml version="1.0" encoding="UTF-8"?>
<testng-results ignored="0" total="6" passed="6" failed="0" skipped="0">
  <reporter-output>
  </reporter-output>
  <suite started-at="2022-11-14T11:40:15 NZDT" name="TestSuite" finished-at="2022-11-14T11:40:52 NZDT" duration-ms="36406">
    <groups>
      <group name="cucumber">
        <method signature="AbstractTestNGCucumberTests.runScenario(io.cucumber.testng.PickleWrapper,io.cucumber.testng.FeatureWrapper)[pri:0, instance:cucumberOptions.TestRunner@408d971b]" name="runScenario" class="io.cucumber.testng.AbstractTestNGCucumberTests"/>
      </group> <!-- cucumber -->
    </groups>
    <test started-at="2022-11-14T11:40:15 NZDT" name="UIAndAPIAutomationTests" finished-at="2022-11-14T11:40:52 NZDT" duration-ms="36406">
      <class name="cucumberOptions.TestRunner">
        <test-method is-config="true" signature="setUpClass(org.testng.ITestContext)[pri:0, instance:cucumberOptions.TestRunner@408d971b]" started-at="2022-11-14T11:40:15 NZDT" name="setUpClass" finished-at="2022-11-14T11:40:16 NZDT" duration-ms="530" status="PASS">
          <params>
            <param index="0">
              <value>
                <![CDATA[org.testng.TestRunner@6b8ca3c8]]>
              </value>
            </param>
          </params>
          <reporter-output>
          </reporter-output>
        </test-method> <!-- setUpClass -->
        <test-method signature="runScenario(io.cucumber.testng.PickleWrapper,io.cucumber.testng.FeatureWrapper)[pri:0, instance:cucumberOptions.TestRunner@408d971b]" started-at="2022-11-14T11:40:16 NZDT" name="runScenario" description="Runs Cucumber Scenarios" data-provider="scenarios" finished-at="2022-11-14T11:40:18 NZDT" duration-ms="1746" status="PASS">
          <params>
            <param index="0">
              <value>
                <![CDATA["number of named car makes"]]>
              </value>
            </param>
            <param index="1">
              <value>
                <![CDATA["Execute get request on trademe sandbox and verify the number of named carMakes"]]>
              </value>
            </param>
          </params>
          <reporter-output>
          </reporter-output>
        </test-method> <!-- runScenario -->
        <test-method signature="runScenario(io.cucumber.testng.PickleWrapper,io.cucumber.testng.FeatureWrapper)[pri:0, instance:cucumberOptions.TestRunner@408d971b]" started-at="2022-11-14T11:40:18 NZDT" name="runScenario" description="Runs Cucumber Scenarios" data-provider="scenarios" finished-at="2022-11-14T11:40:24 NZDT" duration-ms="6196" status="PASS">
          <params>
            <param index="0">
              <value>
                <![CDATA["get the count of listed named cars"]]>
              </value>
            </param>
            <param index="1">
              <value>
                <![CDATA["test the car makes and number of listings"]]>
              </value>
            </param>
          </params>
          <reporter-output>
          </reporter-output>
        </test-method> <!-- runScenario -->
        <test-method signature="runScenario(io.cucumber.testng.PickleWrapper,io.cucumber.testng.FeatureWrapper)[pri:0, instance:cucumberOptions.TestRunner@408d971b]" started-at="2022-11-14T11:40:24 NZDT" name="runScenario" description="Runs Cucumber Scenarios" data-provider="scenarios" finished-at="2022-11-14T11:40:30 NZDT" duration-ms="6488" status="PASS">
          <params>
            <param index="0">
              <value>
                <![CDATA["get the count of listings for specific car makes"]]>
              </value>
            </param>
            <param index="1">
              <value>
                <![CDATA["test the car makes and number of listings"]]>
              </value>
            </param>
          </params>
          <reporter-output>
          </reporter-output>
        </test-method> <!-- runScenario -->
        <test-method signature="runScenario(io.cucumber.testng.PickleWrapper,io.cucumber.testng.FeatureWrapper)[pri:0, instance:cucumberOptions.TestRunner@408d971b]" started-at="2022-11-14T11:40:30 NZDT" name="runScenario" description="Runs Cucumber Scenarios" data-provider="scenarios" finished-at="2022-11-14T11:40:37 NZDT" duration-ms="6525" status="PASS">
          <params>
            <param index="0">
              <value>
                <![CDATA["get the count of listings for specific car makes"]]>
              </value>
            </param>
            <param index="1">
              <value>
                <![CDATA["test the car makes and number of listings"]]>
              </value>
            </param>
          </params>
          <reporter-output>
          </reporter-output>
        </test-method> <!-- runScenario -->
        <test-method signature="runScenario(io.cucumber.testng.PickleWrapper,io.cucumber.testng.FeatureWrapper)[pri:0, instance:cucumberOptions.TestRunner@408d971b]" started-at="2022-11-14T11:40:37 NZDT" name="runScenario" description="Runs Cucumber Scenarios" data-provider="scenarios" finished-at="2022-11-14T11:40:44 NZDT" duration-ms="6552" status="PASS">
          <params>
            <param index="0">
              <value>
                <![CDATA["get the count of listings for specific car makes"]]>
              </value>
            </param>
            <param index="1">
              <value>
                <![CDATA["test the car makes and number of listings"]]>
              </value>
            </param>
          </params>
          <reporter-output>
          </reporter-output>
        </test-method> <!-- runScenario -->
        <test-method signature="runScenario(io.cucumber.testng.PickleWrapper,io.cucumber.testng.FeatureWrapper)[pri:0, instance:cucumberOptions.TestRunner@408d971b]" started-at="2022-11-14T11:40:44 NZDT" name="runScenario" description="Runs Cucumber Scenarios" data-provider="scenarios" finished-at="2022-11-14T11:40:52 NZDT" duration-ms="8138" status="PASS">
          <params>
            <param index="0">
              <value>
                <![CDATA["get the count of listings for specific car makes"]]>
              </value>
            </param>
            <param index="1">
              <value>
                <![CDATA["test the car makes and number of listings"]]>
              </value>
            </param>
          </params>
          <reporter-output>
          </reporter-output>
        </test-method> <!-- runScenario -->
        <test-method is-config="true" signature="tearDownClass()[pri:0, instance:cucumberOptions.TestRunner@408d971b]" started-at="2022-11-14T11:40:52 NZDT" name="tearDownClass" finished-at="2022-11-14T11:40:52 NZDT" duration-ms="171" status="PASS">
          <reporter-output>
          </reporter-output>
        </test-method> <!-- tearDownClass -->
      </class> <!-- cucumberOptions.TestRunner -->
    </test> <!-- UIAndAPIAutomationTests -->
  </suite> <!-- TestSuite -->
</testng-results>
